{"C:\\Users\\ODV\\bootcamp\\assignments\\module-10-challenge\\team-profile-generator\\lib\\Employee.js": {"path":"C:\\Users\\ODV\\bootcamp\\assignments\\module-10-challenge\\team-profile-generator\\lib\\Employee.js","statementMap":{"0":{"start":{"line":5,"column":8},"end":{"line":5,"column":25}},"1":{"start":{"line":6,"column":8},"end":{"line":6,"column":21}},"2":{"start":{"line":7,"column":8},"end":{"line":7,"column":27}},"3":{"start":{"line":12,"column":8},"end":{"line":12,"column":25}},"4":{"start":{"line":17,"column":8},"end":{"line":17,"column":23}},"5":{"start":{"line":22,"column":8},"end":{"line":22,"column":26}},"6":{"start":{"line":27,"column":8},"end":{"line":27,"column":25}},"7":{"start":{"line":31,"column":0},"end":{"line":31,"column":26}}},"fnMap":{"0":{"name":"(anonymous_0)","decl":{"start":{"line":4,"column":4},"end":{"line":4,"column":5}},"loc":{"start":{"line":4,"column":33},"end":{"line":8,"column":5}},"line":4},"1":{"name":"(anonymous_1)","decl":{"start":{"line":11,"column":4},"end":{"line":11,"column":5}},"loc":{"start":{"line":11,"column":14},"end":{"line":13,"column":5}},"line":11},"2":{"name":"(anonymous_2)","decl":{"start":{"line":16,"column":4},"end":{"line":16,"column":5}},"loc":{"start":{"line":16,"column":12},"end":{"line":18,"column":5}},"line":16},"3":{"name":"(anonymous_3)","decl":{"start":{"line":21,"column":4},"end":{"line":21,"column":5}},"loc":{"start":{"line":21,"column":15},"end":{"line":23,"column":5}},"line":21},"4":{"name":"(anonymous_4)","decl":{"start":{"line":26,"column":4},"end":{"line":26,"column":5}},"loc":{"start":{"line":26,"column":14},"end":{"line":28,"column":5}},"line":26}},"branchMap":{},"s":{"0":4,"1":4,"2":4,"3":1,"4":1,"5":1,"6":1,"7":4},"f":{"0":4,"1":1,"2":1,"3":1,"4":1},"b":{},"_coverageSchema":"1a1c01bbd47fc00a2c39e90264f33305004495a9","hash":"9d68cb6728c5dce2c55af0d4690cf6cb73609c76"}
,"C:\\Users\\ODV\\bootcamp\\assignments\\module-10-challenge\\team-profile-generator\\lib\\Engineer.js": {"path":"C:\\Users\\ODV\\bootcamp\\assignments\\module-10-challenge\\team-profile-generator\\lib\\Engineer.js","statementMap":{"0":{"start":{"line":2,"column":17},"end":{"line":2,"column":38}},"1":{"start":{"line":8,"column":8},"end":{"line":8,"column":31}},"2":{"start":{"line":10,"column":8},"end":{"line":10,"column":29}},"3":{"start":{"line":15,"column":8},"end":{"line":15,"column":27}},"4":{"start":{"line":20,"column":8},"end":{"line":20,"column":26}},"5":{"start":{"line":25,"column":8},"end":{"line":37,"column":15}},"6":{"start":{"line":41,"column":0},"end":{"line":41,"column":26}}},"fnMap":{"0":{"name":"(anonymous_0)","decl":{"start":{"line":6,"column":4},"end":{"line":6,"column":5}},"loc":{"start":{"line":6,"column":41},"end":{"line":11,"column":5}},"line":6},"1":{"name":"(anonymous_1)","decl":{"start":{"line":14,"column":4},"end":{"line":14,"column":5}},"loc":{"start":{"line":14,"column":16},"end":{"line":16,"column":5}},"line":14},"2":{"name":"(anonymous_2)","decl":{"start":{"line":19,"column":4},"end":{"line":19,"column":5}},"loc":{"start":{"line":19,"column":14},"end":{"line":21,"column":5}},"line":19},"3":{"name":"(anonymous_3)","decl":{"start":{"line":24,"column":4},"end":{"line":24,"column":5}},"loc":{"start":{"line":24,"column":13},"end":{"line":38,"column":5}},"line":24}},"branchMap":{},"s":{"0":1,"1":1,"2":1,"3":1,"4":1,"5":1,"6":1},"f":{"0":1,"1":1,"2":1,"3":1},"b":{},"_coverageSchema":"1a1c01bbd47fc00a2c39e90264f33305004495a9","hash":"926b684554d3114a6172a74e002da3c8e1bf93b2"}
,"C:\\Users\\ODV\\bootcamp\\assignments\\module-10-challenge\\team-profile-generator\\lib\\Intern.js": {"path":"C:\\Users\\ODV\\bootcamp\\assignments\\module-10-challenge\\team-profile-generator\\lib\\Intern.js","statementMap":{"0":{"start":{"line":2,"column":17},"end":{"line":2,"column":38}},"1":{"start":{"line":8,"column":8},"end":{"line":8,"column":30}},"2":{"start":{"line":10,"column":8},"end":{"line":10,"column":29}},"3":{"start":{"line":15,"column":8},"end":{"line":15,"column":27}},"4":{"start":{"line":20,"column":8},"end":{"line":20,"column":23}},"5":{"start":{"line":25,"column":8},"end":{"line":35,"column":15}},"6":{"start":{"line":39,"column":0},"end":{"line":39,"column":24}}},"fnMap":{"0":{"name":"(anonymous_0)","decl":{"start":{"line":6,"column":4},"end":{"line":6,"column":5}},"loc":{"start":{"line":6,"column":41},"end":{"line":11,"column":5}},"line":6},"1":{"name":"(anonymous_1)","decl":{"start":{"line":14,"column":4},"end":{"line":14,"column":5}},"loc":{"start":{"line":14,"column":16},"end":{"line":16,"column":5}},"line":14},"2":{"name":"(anonymous_2)","decl":{"start":{"line":19,"column":4},"end":{"line":19,"column":5}},"loc":{"start":{"line":19,"column":14},"end":{"line":21,"column":5}},"line":19},"3":{"name":"(anonymous_3)","decl":{"start":{"line":24,"column":4},"end":{"line":24,"column":5}},"loc":{"start":{"line":24,"column":13},"end":{"line":36,"column":5}},"line":24}},"branchMap":{},"s":{"0":1,"1":1,"2":1,"3":1,"4":1,"5":1,"6":1},"f":{"0":1,"1":1,"2":1,"3":1},"b":{},"_coverageSchema":"1a1c01bbd47fc00a2c39e90264f33305004495a9","hash":"ce5abdbd22b9cc064a82c994f90b822b3d561bde"}
,"C:\\Users\\ODV\\bootcamp\\assignments\\module-10-challenge\\team-profile-generator\\lib\\Manager.js": {"path":"C:\\Users\\ODV\\bootcamp\\assignments\\module-10-challenge\\team-profile-generator\\lib\\Manager.js","statementMap":{"0":{"start":{"line":2,"column":17},"end":{"line":2,"column":38}},"1":{"start":{"line":9,"column":8},"end":{"line":9,"column":31}},"2":{"start":{"line":11,"column":8},"end":{"line":11,"column":41}},"3":{"start":{"line":16,"column":8},"end":{"line":16,"column":24}},"4":{"start":{"line":21,"column":8},"end":{"line":31,"column":11}},"5":{"start":{"line":36,"column":0},"end":{"line":36,"column":25}}},"fnMap":{"0":{"name":"(anonymous_0)","decl":{"start":{"line":7,"column":4},"end":{"line":7,"column":5}},"loc":{"start":{"line":7,"column":47},"end":{"line":12,"column":5}},"line":7},"1":{"name":"(anonymous_1)","decl":{"start":{"line":15,"column":4},"end":{"line":15,"column":5}},"loc":{"start":{"line":15,"column":14},"end":{"line":17,"column":5}},"line":15},"2":{"name":"(anonymous_2)","decl":{"start":{"line":20,"column":4},"end":{"line":20,"column":5}},"loc":{"start":{"line":20,"column":13},"end":{"line":32,"column":5}},"line":20}},"branchMap":{},"s":{"0":1,"1":1,"2":1,"3":1,"4":1,"5":1},"f":{"0":1,"1":1,"2":1},"b":{},"_coverageSchema":"1a1c01bbd47fc00a2c39e90264f33305004495a9","hash":"564e24e50be284347c7cb0d7d79e5cfc2a75e1f7"}
}
